<?xml version="1.0" encoding="UTF-8"?>
<testsuite name="com.bridgelabz.MoodAnalyserTest.MoodAnalyserTest" tests="1" skipped="0" failures="0" errors="0" timestamp="2019-11-26T07:12:19" hostname="sheetal-lenovo-v130-15ikb" time="0.001">
  <properties/>
  <testcase name="givenMessage_WhenNull_ShouldReturnHappy" classname="com.bridgelabz.MoodAnalyserTest.MoodAnalyserTest" time="0.001"/>
  <system-out><![CDATA[]]></system-out>
  <system-err><![CDATA[]]></system-err>
</testsuite>
